#
# A fatal error has been detected by the Java Runtime Environment:
#
#  EXCEPTION_ACCESS_VIOLATION (0xc0000005) at pc=0x0000000000000000, pid=2572, tid=14404
#
# JRE version: Java(TM) SE Runtime Environment (20.0.1+9) (build 20.0.1+9-29)
# Java VM: Java HotSpot(TM) 64-Bit Server VM (20.0.1+9-29, mixed mode, sharing, tiered, compressed oops, compressed class ptrs, g1 gc, windows-amd64)
# Problematic frame:
# C  0x0000019b392136a0
#
# No core dump will be written. Minidumps are not enabled by default on client versions of Windows
#
# If you would like to submit a bug report, please visit:
#   https://bugreport.java.com/bugreport/crash.jsp
#

---------------  S U M M A R Y ------------

Command Line: -Dmaven.home=C:/Users/HELEN/Documents/spring_boot -Dmaven.multiModuleProjectDirectory=C:/Users/HELEN/Documents/spring_boot/quest-spring-injection org.apache.maven.wrapper.MavenWrapperMain spring-boot:run

Host: Intel(R) Celeron(R) J4125 CPU @ 2.00GHz, 4 cores, 7G,  Windows 10 , 64 bit Build 19041 (10.0.19041.3031)
Time: Thu Jun 29 22:59:28 2023 Paris, Madrid (heure duild 19041 (10.0.19041.3031) elapsed time: 4.972853 seconds (0d 0h 0m 4s)

---------------  T H R E A D  ---------------

Current thread (0x0000019b396d1370):  JavaThread "C2 CompilerThread1" daemon [_thread_in_native, id=14404, stack(0x0000009161100000,0x0000009161200000)]


Current CompileTask:
C2:   4973 2709       4       java.util.regex.Matcher::search (154 bytes)

Stack: [0x0000009161100000,0x0000009161200000],  sp=0x00000091611fbfd8,  free space=1007k
Native frames: (J=compiled Java code, j=interpreted, Vv=VM code, C=native code)


siginfo: EXCEPTION_ACCESS_VIOLATION (0xc0000005), data execution prevention violation at address 0x0000000000000000


Registers:
RAX=0x0000000000000001, RBX=0x0000019b38bf2188, RCX=0x0000019b391ca578, RDX=0x0000000000000004
RSP=0x00000091611fbfd0, RBP=0x0000019b38bf0ff8, RSI=0x0000019b38bf2188, RDI=0x0000000000000002
R8 =0x0000019b38bf2188, R9 =0x00007ffa92589e68, R10=0x0000000000000054, R11=0x0000019b38bf2190
R12=0x0000000000000001, R13=0x0000000000000002, R14=0x0000000000000068, R15=0x0000000000000028
RIP=0x0000000000000000, EFLAGS=0x0000000000010246


Register to memory mapping:

RIP=0x0 is NULL
RAX=0x0000000000000001 is an unknown value
RBX=0x0000019b38bf2188 points into unknown readable memory: 0x00007ffa92c45938 | 38 59 c4 92 fa 7f 00 00
RCX=0x0000019b391ca578 points into unknown readable memory: 0x0000000000000000 | 00 00 00 00 00 00 00 00
RDX=0x0000000000000004 is an unknown value
RSP=0x00000091611fbfd0 is pointing into the stack for thread: 0x0000019b396d1370
RBP=0x0000019b38bf0ff8 points into unknown readable memory: 0x00007ffa92c318a8 | a8 18 c3 92 fa 7f 00 00
RSI=0x0000019b38bf2188 points into unknown readable memory: 0x00007ffa92c45938 | 38 59 c4 92 fa 7f 00 00
RDI=0x0000000000000002 is an unknown value
R8 =0x0000019b38bf2188 points into unknown readable memory: 0x00007ffa92c45938 | 38 59 c4 92 fa 7f 00 00
R9 =0x00007ffa92589e68 jvm.dll
R10=0x0000000000000054 is an unknown value
R11=0x0000019b38bf2190 points into unknown readable memory: 0x0000019b38bf21d0 | d0 21 bf 38 9b 01 00 00
R12=0x0000000000000001 is an unknown value
R13=0x0000000000000002 is an unknown value
R14=0x0000000000000068 is an unknown value
R15=0x0000000000000028 is an unknown value


Top of Stack: (sp=0x00000091611fbfd0)
0x00000091611fbfd0:   0000019b392136a0 0000019b38bf21b4
0x00000091611fbfe0:   0000019b391ca578 00007ffa92935e48
0x00000091611fbff0:   0000019b38bf2188 0000019b38bf0ff8
0x00000091611fc000:   0000000000000000 00000091611fc5d0
0x00000091611fc010:   0000019b387c0b68 00007ffa92af2a41
0x00000091611fc020:   0000000400000001 0000000000000010
0x00000091611fc030:   0000000000000002 0000000000000000
0x00000091611fc040:   0000019b391c9df0 0000019b392136f8
0x00000091611fc050:   00000091611fc5d0 0000019b38bf0ff8
0x00000091611fc060:   0000019b392136a0 00007ffa92935e0f
0x00000091611fc070:   00000091611fc5d0 0000000000000000
0x00000091611fc080:   0000019b391c9df0 0000019b38bf0ff8
0x00000091611fc090:   00000091611fc1a8 0000019b391c9668
0x00000091611fc0a0:   0000000300000001 0000000000000010
0x00000091611fc0b0:   0000019b391c9030 00000091611fc5d0
0x00000091611fc0c0:   0000000000000000 00000091611fc5d0
0x00000091611fc0d0:   0000019b392136f8 00000091611fcf58
0x00000091611fc0e0:   0000000000000001 00007ffa9293becc
0x00000091611fc0f0:   00000091611fc5d0 0000019b391c9668
0x00000091611fc100:   0000019b391c9668 0000019b38bf0ff8
0x00000091611fc110:   00000091611fc1a8 0000000000000000
0x00000091611fc120:   00000000000027d8 0000019b391c9668
0x00000091611fc130:   0000019b391cb818 0000019b38bf5370
0x00000091611fc140:   0000019b33dce6c0 0000000000000002
0x00000091611fc150:   0000000000000068 0000019b392136f8
0x00000091611fc160:   00000091611fc5d0 0000000000000000
0x00000091611fc170:   0000019b396d90b8 00000091611fc1f0
0x00000091611fc180:   0000019b392136f8 00007ffa9293cefc
0x00000091611fc190:   0000019b33dce890 0000019b396d90b8
0x00000091611fc1a0:   0000000000000001 0000000000000001
0x00000091611fc1b0:   0000019b3989ea80 0000019b398aeff0
0x00000091611fc1c0:   0000019b3989ba70 0000019b39459080 

Instructions: (pc=0x0000019b392136a0)
0x0000019b392135a0:   01 00 00 00 01 00 00 00 00 00 00 00 04 00 00 00
0x0000019b392135b0:   df 05 00 00 08 00 00 00 40 00 00 00 ff ff ff ff
0x0000019b392135c0:   01 00 00 00 00 ff ff ff d0 31 21 39 9b 01 00 00
0x0000019b392135d0:   a8 30 21 39 9b 01 00 00 f0 00 00 00 ff ff ff ff
0x0000019b392135e0:   ff ff ff ff f1 00 00 00 ff ff ff ff ff ff ff ff
0x0000019b392135f0:   60 40 cd 92 fa 7f 00 00 38 36 21 39 9b 01 00 00
0x0000019b39213600:   60 36 21 39 9b 01 00 00 05 00 00 00 05 00 00 00
0x0000019b39213610:   02 00 00 00 04 00 00 00 e0 05 00 00 00 80 00 00
0x0000019b39213620:   00 00 00 00 ff ff ff ff 80 c9 c7 92 fa 7f 00 00
0x0000019b39213630:   00 ff ff ff eb 00 00 00 28 34 21 39 9b 01 00 00
0x0000019b39213640:   a8 3e 11 38 9b 01 00 00 a8 3e 11 38 9b 01 00 00
0x0000019b39213650:   d0 85 78 39 9b 01 00 00 a8 3e 11 38 9b 01 00 00
0x0000019b39213660:   20 3e 11 38 9b 01 00 00 58 21 89 38 9b 01 00 00
0x0000019b39213670:   1d 00 00 00 ff ff ff ff ff ff ff ff 1e 00 00 00
0x0000019b39213680:   50 3c 21 39 9b 01 00 00 08 e7 dc 33 9b 01 00 00
0x0000019b39213690:   50 3c 21 39 9b 01 00 00 ff ff ff ff ff ff ff ff
0x0000019b392136a0:   90 c8 c2 92 fa 7f 00 00 d8 36 21 39 9b 01 00 00
0x0000019b392136b0:   60 39 21 39 9b 01 00 00 04 00 00 00 04 00 00 00
0x0000019b392136c0:   01 00 00 00 04 00 00 00 e1 05 00 00 00 02 00 00
0x0000019b392136d0:   00 00 00 00 ff ff ff ff 00 00 00 00 00 00 00 00
0x0000019b392136e0:   88 21 bf 38 9b 01 00 00 88 21 bf 38 9b 01 00 00
0x0000019b392136f0:   10 69 80 38 9b 01 00 00 d8 80 cb 92 fa 7f 00 00
0x0000019b39213700:   48 37 21 39 9b 01 00 00 40 e6 dc 33 9b 01 00 00
0x0000019b39213710:   03 00 00 00 03 00 00 00 06 00 00 00 08 00 00 00
0x0000019b39213720:   e2 05 00 00 30 00 00 00 00 00 00 00 ff ff ff ff
0x0000019b39213730:   00 00 00 00 ff ff ff ff 02 00 00 00 00 00 00 00
0x0000019b39213740:   50 48 81 39 9b 01 00 00 f8 0f bf 38 9b 01 00 00
0x0000019b39213750:   e8 03 bf 38 9b 01 00 00 a0 36 21 39 9b 01 00 00
0x0000019b39213760:   78 20 82 38 9b 01 00 00 b8 09 bf 38 9b 01 00 00
0x0000019b39213770:   c0 0b bf 38 9b 01 00 00 98 0d bf 38 9b 01 00 00
0x0000019b39213780:   08 13 bf 38 9b 01 00 00 40 1a bf 38 9b 01 00 00
0x0000019b39213790:   e0 21 bf 38 9b 01 00 00 d0 26 bf 38 9b 01 00 00 


Stack slot to memory mapping:
stack at sp + 0 slots: 0x0000019b38bf21b4 points into unknown readable memory: 54 00 00 00
stack at sp + 1 slots: 0x0000019b391ca578 points into unknown readable memory: 0x0000000000000000 | 00 00 00 00 00 00 00 00
stack at sp + 2 slots: 0x00007ffa92935e48 jvm.dll
stack at sp + 3 slots: 0x0000019b38bf2188 points into unknown readable memory: 0x00007ffa92c45938 | 38 59 c4 92 fa 7f 00 00
stack at sp + 4 slots: 0x0000019b38bf0ff8 points into unknown readable memory: 0x00007ffa92c318a8 | a8 18 c3 92 fa 7f 00 00
stack at sp + 5 slots: 0x0 is NULL
stack at sp + 6 slots: 0x00000091611fc5d0 is pointing into the stack for thread: 0x0000019b396d1370
stack at sp + 7 slots: 0x0000019b387c0b68 points into unknown readable memory: 0x00007ffa92ce26b8 | b8 26 ce 92 fa 7f 00 00


---------------  P R O C E S S  ---------------

Threads class SMR info:
_java_thread_list=0x0000019b3900c0c0, length=12, elements={
0x0000019b17cdd630, 0x0000019b33d7ffe0, 0x0000019b33d80f80, 0x0000019b33d830e0,
0x0000019b33d86a40, 0x0000019b33d87e60, 0x0000019b33d8a0f0, 0x0000019b33d8eba0,
0x0000019b33d8fe60, 0x0000019b380cf120, 0x0000019b380fa700, 0x0000019b396d1370
}

Java Threads: ( => current thread )
  0x0000019b17cdd630 JavaThread "main" [_thread_in_vm, id=15248, stack(0x000000915fc00000,0x000000915fd00000)]
  0x0000019b33d7ffe0 JavaThread "Reference Handler" daemon [_thread_blocked, id=16608, stack(0x0000009160300000,0x0000009160400000)]
  0x0000019b33d80f80 JavaThread "Finalizer" daemon [_thread_blocked, id=10408, stack(0x0000009160400000,0x0000009160500000)]
  0x0000019b33d830e0 JavaThread "Signal Dispatcher" daemon [_thread_blocked, id=12376, stack(0x0000009160500000,0x0000009160600000)]
  0x0000019b33d86a40 JavaThread "Attach Listener" daemon [_thread_blocked, id=1984, stack(0x0000009160600000,0x0000009160700000)]
  0x0000019b33d87e60 JavaThread "Service Thread" daemon [_thread_blocked, id=13932, stack(0x0000009160700000,0x0000009160800000)]
  0x0000019b33d8a0f0 JavaThread "Monitor Deflation Thread" daemon [_thread_blocked, id=12740, stack(0x0000009160800000,0x0000009160900000)]
  0x0000019b33d8eba0 JavaThread "C2 CompilerThread0" daemon [_thread_blocked, id=13724, stack(0x0000009160900000,0x0000009160a00000)]
  0x0000019b33d8fe60 JavaThread "C1 CompilerThread0" daemon [_thread_blocked, id=10812, stack(0x0000009160a00000,0x0000009160b00000)]
  0x0000019b380cf120 JavaThread "Notification Thread" daemon [_thread_blocked, id=15044, stack(0x0000009160b00000,0x0000009160c00000)]
  0x0000019b380fa700 JavaThread "Common-Cleaner" daemon [_thread_blocked, id=12192, stack(0x0000009160d00000,0x0000009160e00000)]
=>0x0000019b396d1370 JavaThread "C2 CompilerThread1" daemon [_thread_in_native, id=14404, stack(0x0000009161100000,0x0000009161200000)]

Other Threads:
  0x0000019b33d5e7c0 VMThread "VM Thread" [stack: 0x0000009160200000,0x0000009160300000] [id=14164]
  0x0000019b380f3240 WatcherThread "VM Periodic Task Thread" [stack: 0x0000009160c00000,0x0000009160d00000] [id=16848]
  0x0000019b17d3c150 WorkerThread "GC Thread#0" [stack: 0x000000915fd00000,0x000000915fe00000] [id=5368]
  0x0000019b3865f2c0 WorkerThread "GC Thread#1" [stack: 0x0000009160e00000,0x0000009160f00000] [id=9820]
  0x0000019b3865f590 WorkerThread "GC Thread#2" [stack: 0x0000009160f00000,0x0000009161000000] [id=1636]
  0x0000019b38849e10 WorkerThread "GC Thread#3" [stack: 0x0000009161000000,0x0000009161100000] [id=12060]
  0x0000019b17d4cd00 ConcurrentGCThread "G1 Main Marker" [stack: 0x000000915fe00000,0x000000915ff00000] [id=8408]
  0x0000019b17d4eee0 WorkerThread "G1 Conc#0" [stack: 0x000000915ff00000,0x0000009160000000] [id=15328]
  0x0000019b33c220b0 ConcurrentGCThread "G1 Refine#0" [stack: 0x0000009160000000,0x0000009160100000] [id=17496]
  0x0000019b33c22b50 ConcurrentGCThread "G1 Service" [stack: 0x0000009160100000,0x0000009160200000] [id=13912]

Threads with active compile tasks:
C2 CompilerThread1     5082 2709       4       java.util.regex.Matcher::search (154 bytes)

VM state: not at safepoint (normal execution)

VM Mutex/Monitor currently owned by a thread: None

Heap address: 0x0000000082800000, size: 2008 MB, Compressed Oops mode: 32-bit

CDS archive(s) mapped at: [0x0000000800000000-0x0000000800c60000-0x0000000800c60000), size 12976128, SharedBaseAddress: 0x0000000800000000, ArchiveRelocationMode: 0.
Compressed class space mapped at: 0x0000000801000000-0x0000000841000000, reserved size: 1073741824
Narrow klass base: 0x0000000800000000, Narrow klass shift: 0, Narrow klass range: 0x100000000

GC Precious Log:
 CardTable entry size: 512
 Card Set container configuration: InlinePtr #cards 5 size 8 Array Of Cards #cards 12 size 40 Howl #buckets 4 coarsen threshold 1843 Howl Bitmap #cards 512 size 80 coarsen threshold 460 Card regions per heap region 1 cards per card region 2048
 CPUs: 4 total, 4 available
 Memory: 8027M
 Large Page Support: Disabled
 NUMA Support: Disabled
 Compressed Oops: Enabled (32-bit)
 Heap Region Size: 1M
 Heap Min Capacity: 8M
 Heap Initial Capacity: 126M
 Heap Max Capacity: 2008M
 Pre-touch: Disabled
 Parallel Workers: 4
 Concurrent Workers: 1
 Concurrent Refinement Workers: 4
 Periodic GC: Disabled

Heap:
 garbage-first heap   total 129024K, used 49302K [0x0000000082800000, 0x0000000100000000)
  region size 1024K, 47 young (48128K), 1 survivors (1024K)
 Metaspace       used 13042K, committed 13376K, reserved 1114112K
  class space    used 1496K, committed 1664K, reserved 1048576K

Heap Regions: E=young(eden), S=young(survivor), O=old, HS=humongous(starts), HC=humongous(continues), CS=collection set, F=free, OA=open archive, CA=closed archive, TAMS=top-at-mark-start, PB=parsable bottom
|   0|0x0000000082800000, 0x0000000082900000, 0x0000000082900000|100%| O|  |TAMS 0x0000000082800000| PB 0x0000000082800000| Untracked 
|   1|0x0000000082900000, 0x0000000082a00000, 0x0000000082a00000|100%| O|  |TAMS 0x0000000082900000| PB 0x0000000082900000| Untracked 
|   2|0x0000000082a00000, 0x0000000082b00000, 0x0000000082b00000|100%| O|  |TAMS 0x0000000082a00000| PB 0x0000000082a00000| Untracked 
|   3|0x0000000082b00000, 0x0000000082b85800, 0x0000000082c00000| 52%| O|  |TAMS 0x0000000082b00000| PB 0x0000000082b00000| Untracked 
|   4|0x0000000082c00000, 0x0000000082c00000, 0x0000000082d00000|  0%| F|  |TAMS 0x0000000082c00000| PB 0x0000000082c00000| Untracked 
|   5|0x0000000082d00000, 0x0000000082d00000, 0x0000000082e00000|  0%| F|  |TAMS 0x0000000082d00000| PB 0x0000000082d00000| Untracked 
|   6|0x0000000082e00000, 0x0000000082e00000, 0x0000000082f00000|  0%| F|  |TAMS 0x0000000082e00000| PB 0x0000000082e00000| Untracked 
|   7|0x0000000082f00000, 0x0000000082f00000, 0x0000000083000000|  0%| F|  |TAMS 0x0000000082f00000| PB 0x0000000082f00000| Untracked 
|   8|0x0000000083000000, 0x0000000083000000, 0x0000000083100000|  0%| F|  |TAMS 0x0000000083000000| PB 0x0000000083000000| Untracked 
|   9|0x0000000083100000, 0x0000000083100000, 0x0000000083200000|  0%| F|  |TAMS 0x0000000083100000| PB 0x0000000083100000| Untracked 
|  10|0x0000000083200000, 0x0000000083200000, 0x0000000083300000|  0%| F|  |TAMS 0x0000000083200000| PB 0x0000000083200000| Untracked 
|  11|0x0000000083300000, 0x0000000083300000, 0x0000000083400000|  0%| F|  |TAMS 0x0000000083300000| PB 0x0000000083300000| Untracked 
|  12|0x0000000083400000, 0x0000000083400000, 0x0000000083500000|  0%| F|  |TAMS 0x0000000083400000| PB 0x0000000083400000| Untracked 
|  13|0x0000000083500000, 0x0000000083500000, 0x0000000083600000|  0%| F|  |TAMS 0x0000000083500000| PB 0x0000000083500000| Untracked 
|  14|0x0000000083600000, 0x0000000083600000, 0x0000000083700000|  0%| F|  |TAMS 0x0000000083600000| PB 0x0000000083600000| Untracked 
|  15|0x0000000083700000, 0x0000000083700000, 0x0000000083800000|  0%| F|  |TAMS 0x0000000083700000| PB 0x0000000083700000| Untracked 
|  16|0x0000000083800000, 0x0000000083800000, 0x0000000083900000|  0%| F|  |TAMS 0x0000000083800000| PB 0x0000000083800000| Untracked 
|  17|0x0000000083900000, 0x0000000083900000, 0x0000000083a00000|  0%| F|  |TAMS 0x0000000083900000| PB 0x0000000083900000| Untracked 
|  18|0x0000000083a00000, 0x0000000083a00000, 0x0000000083b00000|  0%| F|  |TAMS 0x0000000083a00000| PB 0x0000000083a00000| Untracked 
|  19|0x0000000083b00000, 0x0000000083b00000, 0x0000000083c00000|  0%| F|  |TAMS 0x0000000083b00000| PB 0x0000000083b00000| Untracked 
|  20|0x0000000083c00000, 0x0000000083c00000, 0x0000000083d00000|  0%| F|  |TAMS 0x0000000083c00000| PB 0x0000000083c00000| Untracked 
|  21|0x0000000083d00000, 0x0000000083d00000, 0x0000000083e00000|  0%| F|  |TAMS 0x0000000083d00000| PB 0x0000000083d00000| Untracked 
|  22|0x0000000083e00000, 0x0000000083e00000, 0x0000000083f00000|  0%| F|  |TAMS 0x0000000083e00000| PB 0x0000000083e00000| Untracked 
|  23|0x0000000083f00000, 0x0000000083f00000, 0x0000000084000000|  0%| F|  |TAMS 0x0000000083f00000| PB 0x0000000083f00000| Untracked 
|  24|0x0000000084000000, 0x0000000084000000, 0x0000000084100000|  0%| F|  |TAMS 0x0000000084000000| PB 0x0000000084000000| Untracked 
|  25|0x0000000084100000, 0x0000000084100000, 0x0000000084200000|  0%| F|  |TAMS 0x0000000084100000| PB 0x0000000084100000| Untracked 
|  26|0x0000000084200000, 0x0000000084200000, 0x0000000084300000|  0%| F|  |TAMS 0x0000000084200000| PB 0x0000000084200000| Untracked 
|  27|0x0000000084300000, 0x0000000084300000, 0x0000000084400000|  0%| F|  |TAMS 0x0000000084300000| PB 0x0000000084300000| Untracked 
|  28|0x0000000084400000, 0x0000000084400000, 0x0000000084500000|  0%| F|  |TAMS 0x0000000084400000| PB 0x0000000084400000| Untracked 
|  29|0x0000000084500000, 0x0000000084500000, 0x0000000084600000|  0%| F|  |TAMS 0x0000000084500000| PB 0x0000000084500000| Untracked 
|  30|0x0000000084600000, 0x0000000084600000, 0x0000000084700000|  0%| F|  |TAMS 0x0000000084600000| PB 0x0000000084600000| Untracked 
|  31|0x0000000084700000, 0x0000000084700000, 0x0000000084800000|  0%| F|  |TAMS 0x0000000084700000| PB 0x0000000084700000| Untracked 
|  32|0x0000000084800000, 0x0000000084800000, 0x0000000084900000|  0%| F|  |TAMS 0x0000000084800000| PB 0x0000000084800000| Untracked 
|  33|0x0000000084900000, 0x0000000084900000, 0x0000000084a00000|  0%| F|  |TAMS 0x0000000084900000| PB 0x0000000084900000| Untracked 
|  34|0x0000000084a00000, 0x0000000084a00000, 0x0000000084b00000|  0%| F|  |TAMS 0x0000000084a00000| PB 0x0000000084a00000| Untracked 
|  35|0x0000000084b00000, 0x0000000084b00000, 0x0000000084c00000|  0%| F|  |TAMS 0x0000000084b00000| PB 0x0000000084b00000| Untracked 
|  36|0x0000000084c00000, 0x0000000084c00000, 0x0000000084d00000|  0%| F|  |TAMS 0x0000000084c00000| PB 0x0000000084c00000| Untracked 
|  37|0x0000000084d00000, 0x0000000084d00000, 0x0000000084e00000|  0%| F|  |TAMS 0x0000000084d00000| PB 0x0000000084d00000| Untracked 
|  38|0x0000000084e00000, 0x0000000084e00000, 0x0000000084f00000|  0%| F|  |TAMS 0x0000000084e00000| PB 0x0000000084e00000| Untracked 
|  39|0x0000000084f00000, 0x0000000084f00000, 0x0000000085000000|  0%| F|  |TAMS 0x0000000084f00000| PB 0x0000000084f00000| Untracked 
|  40|0x0000000085000000, 0x0000000085000000, 0x0000000085100000|  0%| F|  |TAMS 0x0000000085000000| PB 0x0000000085000000| Untracked 
|  41|0x0000000085100000, 0x0000000085100000, 0x0000000085200000|  0%| F|  |TAMS 0x0000000085100000| PB 0x0000000085100000| Untracked 
|  42|0x0000000085200000, 0x0000000085200000, 0x0000000085300000|  0%| F|  |TAMS 0x0000000085200000| PB 0x0000000085200000| Untracked 
|  43|0x0000000085300000, 0x0000000085300000, 0x0000000085400000|  0%| F|  |TAMS 0x0000000085300000| PB 0x0000000085300000| Untracked 
|  44|0x0000000085400000, 0x0000000085400000, 0x0000000085500000|  0%| F|  |TAMS 0x0000000085400000| PB 0x0000000085400000| Untracked 
|  45|0x0000000085500000, 0x0000000085500000, 0x0000000085600000|  0%| F|  |TAMS 0x0000000085500000| PB 0x0000000085500000| Untracked 
|  46|0x0000000085600000, 0x0000000085600000, 0x0000000085700000|  0%| F|  |TAMS 0x0000000085600000| PB 0x0000000085600000| Untracked 
|  47|0x0000000085700000, 0x0000000085700000, 0x0000000085800000|  0%| F|  |TAMS 0x0000000085700000| PB 0x0000000085700000| Untracked 
|  48|0x0000000085800000, 0x0000000085800000, 0x0000000085900000|  0%| F|  |TAMS 0x0000000085800000| PB 0x0000000085800000| Untracked 
|  49|0x0000000085900000, 0x0000000085900000, 0x0000000085a00000|  0%| F|  |TAMS 0x0000000085900000| PB 0x0000000085900000| Untracked 
|  50|0x0000000085a00000, 0x0000000085a00000, 0x0000000085b00000|  0%| F|  |TAMS 0x0000000085a00000| PB 0x0000000085a00000| Untracked 
|  51|0x0000000085b00000, 0x0000000085b00000, 0x0000000085c00000|  0%| F|  |TAMS 0x0000000085b00000| PB 0x0000000085b00000| Untracked 
|  52|0x0000000085c00000, 0x0000000085c00000, 0x0000000085d00000|  0%| F|  |TAMS 0x0000000085c00000| PB 0x0000000085c00000| Untracked 
|  53|0x0000000085d00000, 0x0000000085d00000, 0x0000000085e00000|  0%| F|  |TAMS 0x0000000085d00000| PB 0x0000000085d00000| Untracked 
|  54|0x0000000085e00000, 0x0000000085e00000, 0x0000000085f00000|  0%| F|  |TAMS 0x0000000085e00000| PB 0x0000000085e00000| Untracked 
|  55|0x0000000085f00000, 0x0000000085f00000, 0x0000000086000000|  0%| F|  |TAMS 0x0000000085f00000| PB 0x0000000085f00000| Untracked 
|  56|0x0000000086000000, 0x0000000086000000, 0x0000000086100000|  0%| F|  |TAMS 0x0000000086000000| PB 0x0000000086000000| Untracked 
|  57|0x0000000086100000, 0x0000000086100000, 0x0000000086200000|  0%| F|  |TAMS 0x0000000086100000| PB 0x0000000086100000| Untracked 
|  58|0x0000000086200000, 0x0000000086200000, 0x0000000086300000|  0%| F|  |TAMS 0x0000000086200000| PB 0x0000000086200000| Untracked 
|  59|0x0000000086300000, 0x0000000086300000, 0x0000000086400000|  0%| F|  |TAMS 0x0000000086300000| PB 0x0000000086300000| Untracked 
|  60|0x0000000086400000, 0x0000000086400000, 0x0000000086500000|  0%| F|  |TAMS 0x0000000086400000| PB 0x0000000086400000| Untracked 
|  61|0x0000000086500000, 0x0000000086500000, 0x0000000086600000|  0%| F|  |TAMS 0x0000000086500000| PB 0x0000000086500000| Untracked 
|  62|0x0000000086600000, 0x0000000086600000, 0x0000000086700000|  0%| F|  |TAMS 0x0000000086600000| PB 0x0000000086600000| Untracked 
|  63|0x0000000086700000, 0x0000000086700000, 0x0000000086800000|  0%| F|  |TAMS 0x0000000086700000| PB 0x0000000086700000| Untracked 
|  64|0x0000000086800000, 0x0000000086800000, 0x0000000086900000|  0%| F|  |TAMS 0x0000000086800000| PB 0x0000000086800000| Untracked 
|  65|0x0000000086900000, 0x0000000086900000, 0x0000000086a00000|  0%| F|  |TAMS 0x0000000086900000| PB 0x0000000086900000| Untracked 
|  66|0x0000000086a00000, 0x0000000086a00000, 0x0000000086b00000|  0%| F|  |TAMS 0x0000000086a00000| PB 0x0000000086a00000| Untracked 
|  67|0x0000000086b00000, 0x0000000086b00000, 0x0000000086c00000|  0%| F|  |TAMS 0x0000000086b00000| PB 0x0000000086b00000| Untracked 
|  68|0x0000000086c00000, 0x0000000086c00000, 0x0000000086d00000|  0%| F|  |TAMS 0x0000000086c00000| PB 0x0000000086c00000| Untracked 
|  69|0x0000000086d00000, 0x0000000086d00000, 0x0000000086e00000|  0%| F|  |TAMS 0x0000000086d00000| PB 0x0000000086d00000| Untracked 
|  70|0x0000000086e00000, 0x0000000086e00000, 0x0000000086f00000|  0%| F|  |TAMS 0x0000000086e00000| PB 0x0000000086e00000| Untracked 
|  71|0x0000000086f00000, 0x0000000086f00000, 0x0000000087000000|  0%| F|  |TAMS 0x0000000086f00000| PB 0x0000000086f00000| Untracked 
|  72|0x0000000087000000, 0x0000000087000000, 0x0000000087100000|  0%| F|  |TAMS 0x0000000087000000| PB 0x0000000087000000| Untracked 
|  73|0x0000000087100000, 0x0000000087100000, 0x0000000087200000|  0%| F|  |TAMS 0x0000000087100000| PB 0x0000000087100000| Untracked 
|  74|0x0000000087200000, 0x0000000087200000, 0x0000000087300000|  0%| F|  |TAMS 0x0000000087200000| PB 0x0000000087200000| Untracked 
|  75|0x0000000087300000, 0x0000000087300000, 0x0000000087400000|  0%| F|  |TAMS 0x0000000087300000| PB 0x0000000087300000| Untracked 
|  76|0x0000000087400000, 0x0000000087400000, 0x0000000087500000|  0%| F|  |TAMS 0x0000000087400000| PB 0x0000000087400000| Untracked 
|  77|0x0000000087500000, 0x0000000087500000, 0x0000000087600000|  0%| F|  |TAMS 0x0000000087500000| PB 0x0000000087500000| Untracked 
|  78|0x0000000087600000, 0x0000000087600000, 0x0000000087700000|  0%| F|  |TAMS 0x0000000087600000| PB 0x0000000087600000| Untracked 
|  79|0x0000000087700000, 0x0000000087799090, 0x0000000087800000| 59%| E|  |TAMS 0x0000000087700000| PB 0x0000000087700000| Complete 
|  80|0x0000000087800000, 0x0000000087900000, 0x0000000087900000|100%| E|CS|TAMS 0x0000000087800000| PB 0x0000000087800000| Complete 
|  81|0x0000000087900000, 0x0000000087a00000, 0x0000000087a00000|100%| E|CS|TAMS 0x0000000087900000| PB 0x0000000087900000| Complete 
|  82|0x0000000087a00000, 0x0000000087b00000, 0x0000000087b00000|100%| E|CS|TAMS 0x0000000087a00000| PB 0x0000000087a00000| Complete 
|  83|0x0000000087b00000, 0x0000000087c00000, 0x0000000087c00000|100%| E|CS|TAMS 0x0000000087b00000| PB 0x0000000087b00000| Complete 
|  84|0x0000000087c00000, 0x0000000087d00000, 0x0000000087d00000|100%| E|CS|TAMS 0x0000000087c00000| PB 0x0000000087c00000| Complete 
|  85|0x0000000087d00000, 0x0000000087e00000, 0x0000000087e00000|100%| E|CS|TAMS 0x0000000087d00000| PB 0x0000000087d00000| Complete 
|  86|0x0000000087e00000, 0x0000000087f00000, 0x0000000087f00000|100%| E|CS|TAMS 0x0000000087e00000| PB 0x0000000087e00000| Complete 
|  87|0x0000000087f00000, 0x0000000088000000, 0x0000000088000000|100%| E|CS|TAMS 0x0000000087f00000| PB 0x0000000087f00000| Complete 
|  88|0x0000000088000000, 0x0000000088100000, 0x0000000088100000|100%| E|CS|TAMS 0x0000000088000000| PB 0x0000000088000000| Complete 
|  89|0x0000000088100000, 0x0000000088200000, 0x0000000088200000|100%| E|CS|TAMS 0x0000000088100000| PB 0x0000000088100000| Complete 
|  90|0x0000000088200000, 0x0000000088300000, 0x0000000088300000|100%| E|CS|TAMS 0x0000000088200000| PB 0x0000000088200000| Complete 
|  91|0x0000000088300000, 0x0000000088400000, 0x0000000088400000|100%| E|CS|TAMS 0x0000000088300000| PB 0x0000000088300000| Complete 
|  92|0x0000000088400000, 0x0000000088500000, 0x0000000088500000|100%| E|CS|TAMS 0x0000000088400000| PB 0x0000000088400000| Complete 
|  93|0x0000000088500000, 0x0000000088600000, 0x0000000088600000|100%| E|CS|TAMS 0x0000000088500000| PB 0x0000000088500000| Complete 
|  94|0x0000000088600000, 0x0000000088700000, 0x0000000088700000|100%| E|CS|TAMS 0x0000000088600000| PB 0x0000000088600000| Complete 
|  95|0x0000000088700000, 0x0000000088800000, 0x0000000088800000|100%| E|CS|TAMS 0x0000000088700000| PB 0x0000000088700000| Complete 
|  96|0x0000000088800000, 0x0000000088900000, 0x0000000088900000|100%| E|CS|TAMS 0x0000000088800000| PB 0x0000000088800000| Complete 
|  97|0x0000000088900000, 0x0000000088a00000, 0x0000000088a00000|100%| E|CS|TAMS 0x0000000088900000| PB 0x0000000088900000| Complete 
|  98|0x0000000088a00000, 0x0000000088b00000, 0x0000000088b00000|100%| E|CS|TAMS 0x0000000088a00000| PB 0x0000000088a00000| Complete 
|  99|0x0000000088b00000, 0x0000000088c00000, 0x0000000088c00000|100%| E|CS|TAMS 0x0000000088b00000| PB 0x0000000088b00000| Complete 
| 100|0x0000000088c00000, 0x0000000088d00000, 0x0000000088d00000|100%| E|CS|TAMS 0x0000000088c00000| PB 0x0000000088c00000| Complete 
| 101|0x0000000088d00000, 0x0000000088e00000, 0x0000000088e00000|100%| E|CS|TAMS 0x0000000088d00000| PB 0x0000000088d00000| Complete 
| 102|0x0000000088e00000, 0x0000000088f00000, 0x0000000088f00000|100%| E|CS|TAMS 0x0000000088e00000| PB 0x0000000088e00000| Complete 
| 103|0x0000000088f00000, 0x0000000089000000, 0x0000000089000000|100%| E|CS|TAMS 0x0000000088f00000| PB 0x0000000088f00000| Complete 
| 104|0x0000000089000000, 0x0000000089100000, 0x0000000089100000|100%| E|CS|TAMS 0x0000000089000000| PB 0x0000000089000000| Complete 
| 105|0x0000000089100000, 0x0000000089200000, 0x0000000089200000|100%| E|CS|TAMS 0x0000000089100000| PB 0x0000000089100000| Complete 
| 106|0x0000000089200000, 0x0000000089300000, 0x0000000089300000|100%| E|CS|TAMS 0x0000000089200000| PB 0x0000000089200000| Complete 
| 107|0x0000000089300000, 0x0000000089400000, 0x0000000089400000|100%| E|CS|TAMS 0x0000000089300000| PB 0x0000000089300000| Complete 
| 108|0x0000000089400000, 0x0000000089500000, 0x0000000089500000|100%| E|CS|TAMS 0x0000000089400000| PB 0x0000000089400000| Complete 
| 109|0x0000000089500000, 0x00000000895a03e0, 0x0000000089600000| 62%| S|CS|TAMS 0x0000000089500000| PB 0x0000000089500000| Complete 
| 110|0x0000000089600000, 0x0000000089700000, 0x0000000089700000|100%| E|CS|TAMS 0x0000000089600000| PB 0x0000000089600000| Complete 
| 111|0x0000000089700000, 0x0000000089800000, 0x0000000089800000|100%| E|CS|TAMS 0x0000000089700000| PB 0x0000000089700000| Complete 
| 112|0x0000000089800000, 0x0000000089900000, 0x0000000089900000|100%| E|CS|TAMS 0x0000000089800000| PB 0x0000000089800000| Complete 
| 113|0x0000000089900000, 0x0000000089a00000, 0x0000000089a00000|100%| E|CS|TAMS 0x0000000089900000| PB 0x0000000089900000| Complete 
| 114|0x0000000089a00000, 0x0000000089b00000, 0x0000000089b00000|100%| E|CS|TAMS 0x0000000089a00000| PB 0x0000000089a00000| Complete 
| 115|0x0000000089b00000, 0x0000000089c00000, 0x0000000089c00000|100%| E|  |TAMS 0x0000000089b00000| PB 0x0000000089b00000| Complete 
| 116|0x0000000089c00000, 0x0000000089d00000, 0x0000000089d00000|100%| E|CS|TAMS 0x0000000089c00000| PB 0x0000000089c00000| Complete 
| 117|0x0000000089d00000, 0x0000000089e00000, 0x0000000089e00000|100%| E|CS|TAMS 0x0000000089d00000| PB 0x0000000089d00000| Complete 
| 118|0x0000000089e00000, 0x0000000089f00000, 0x0000000089f00000|100%| E|CS|TAMS 0x0000000089e00000| PB 0x0000000089e00000| Complete 
| 119|0x0000000089f00000, 0x000000008a000000, 0x000000008a000000|100%| E|CS|TAMS 0x0000000089f00000| PB 0x0000000089f00000| Complete 
| 120|0x000000008a000000, 0x000000008a100000, 0x000000008a100000|100%| E|CS|TAMS 0x000000008a000000| PB 0x000000008a000000| Complete 
| 121|0x000000008a100000, 0x000000008a200000, 0x000000008a200000|100%| E|CS|TAMS 0x000000008a100000| PB 0x000000008a100000| Complete 
| 122|0x000000008a200000, 0x000000008a300000, 0x000000008a300000|100%| E|CS|TAMS 0x000000008a200000| PB 0x000000008a200000| Complete 
| 123|0x000000008a300000, 0x000000008a400000, 0x000000008a400000|100%| E|CS|TAMS 0x000000008a300000| PB 0x000000008a300000| Complete 
| 124|0x000000008a400000, 0x000000008a500000, 0x000000008a500000|100%| E|CS|TAMS 0x000000008a400000| PB 0x000000008a400000| Complete 
| 125|0x000000008a500000, 0x000000008a600000, 0x000000008a600000|100%| E|CS|TAMS 0x000000008a500000| PB 0x000000008a500000| Complete 

Card table byte_map: [0x0000019b2f190000,0x0000019b2f580000] _byte_map_base: 0x0000019b2ed7c000

Marking Bits: (CMBitMap*) 0x0000019b17d3c780
 Bits: [0x0000019b2f970000, 0x0000019b318d0000)

Polling page: 0x0000019b15cd0000

Metaspace:

Usage:
  Non-class:     11.28 MB used.
      Class:      1.46 MB used.
       Both:     12.74 MB used.

Virtual space:
  Non-class space:       64.00 MB reserved,      11.44 MB ( 18%) committed,  1 nodes.
      Class space:        1.00 GB reserved,       1.62 MB ( <1%) committed,  1 nodes.
             Both:        1.06 GB reserved,      13.06 MB (  1%) committed. 

Chunk freelists:
   Non-Class:  3.80 MB
       Class:  2.42 MB
        Both:  6.22 MB

MaxMetaspaceSize: unlimited
CompressedClassSpaceSize: 1.00 GB
Initial GC threshold: 21.00 MB
Current GC threshold: 21.00 MB
CDS: on
MetaspaceReclaimPolicy: balanced
 - commit_granule_bytes: 65536.
 - commit_granule_words: 8192.
 - virtual_space_node_default_size: 8388608.
 - enlarge_chunks_in_place: 1.
 - new_chunks_are_fully_committed: 0.
 - uncommit_free_chunks: 1.
 - use_allocation_guard: 0.


Internal statistics:

num_allocs_failed_limit: 0.
num_arena_births: 288.
num_arena_deaths: 0.
num_vsnodes_births: 2.
num_vsnodes_deaths: 0.
num_space_committed: 209.
num_space_uncommitted: 0.
num_chunks_returned_to_freelist: 0.
num_chunks_taken_from_freelist: 728.
num_chunk_merges: 0.
num_chunk_splits: 518.
num_chunks_enlarged: 379.
num_inconsistent_stats: 0.

CodeHeap 'non-profiled nmethods': size=120000Kb used=1148Kb max_used=1148Kb free=118851Kb
 bounds [0x0000019b27870000, 0x0000019b27ae0000, 0x0000019b2eda0000]
CodeHeap 'profiled nmethods': size=120000Kb used=5437Kb max_used=5437Kb free=114562Kb
 bounds [0x0000019b1fda0000, 0x0000019b202f0000, 0x0000019b272d0000]
CodeHeap 'non-nmethods': size=5760Kb used=1452Kb max_used=1481Kb free=4307Kb
 bounds [0x0000019b272d0000, 0x0000019b27540000, 0x0000019b27870000]
 total_blobs=3258 nmethods=2774 adapters=395
 compilation: enabled
              stopped_count=0, restarted_count=0
 full_count=0

Compilation events (20 events):
Event: 4.708 Thread 0x0000019b396d1370 nmethod 2706 0x0000019b2797df10 code [0x0000019b2797e0a0, 0x0000019b2797e2f8]
Event: 4.708 Thread 0x0000019b33d8fe60 2707   !   3       org.codehaus.plexus.util.xml.pull.MXParser::parseComment (486 bytes)
Event: 4.710 Thread 0x0000019b33d8fe60 nmethod 2707 0x0000019b202c7390 code [0x0000019b202c7760, 0x0000019b202c9158]
Event: 4.717 Thread 0x0000019b33d8eba0 nmethod 2690 0x0000019b2797e510 code [0x0000019b2797e760, 0x0000019b279800f0]
Event: 4.718 Thread 0x0000019b396d1370 2708       4       java.lang.Character::codePointAt (51 bytes)
Event: 4.722 Thread 0x0000019b396d1370 nmethod 2708 0x0000019b27980a90 code [0x0000019b27980c20, 0x0000019b27980e48]
Event: 4.724 Thread 0x0000019b396d1370 2709       4       java.util.regex.Matcher::search (154 bytes)
Event: 4.726 Thread 0x0000019b33d8fe60 2710       3       org.codehaus.plexus.util.xml.pull.MXParser::nextImpl (1202 bytes)
Event: 4.726 Thread 0x0000019b33d8eba0 2712       4       org.codehaus.plexus.util.xml.pull.MXParser::isNameStartChar (63 bytes)
Event: 4.727 Thread 0x0000019b33d8eba0 nmethod 2712 0x0000019b27981190 code [0x0000019b27981300, 0x0000019b279813f8]
Event: 4.729 Thread 0x0000019b33d8fe60 nmethod 2710 0x0000019b202c9e10 code [0x0000019b202ca460, 0x0000019b202cd5a0]
Event: 4.729 Thread 0x0000019b33d8fe60 2713   !   3       org.apache.maven.model.Plugin::clone (204 bytes)
Event: 4.731 Thread 0x0000019b33d8eba0 2715       4       java.lang.invoke.LambdaForm$MH/0x0000000801014000::invoke (35 bytes)
Event: 4.733 Thread 0x0000019b33d8eba0 nmethod 2715 0x0000019b27981510 code [0x0000019b279816a0, 0x0000019b279817f8]
Event: 4.733 Thread 0x0000019b33d8fe60 nmethod 2713 0x0000019b202ce410 code [0x0000019b202ce7e0, 0x0000019b202d04c8]
Event: 4.733 Thread 0x0000019b33d8fe60 2711       3       org.apache.maven.model.Plugin::<init> (21 bytes)
Event: 4.734 Thread 0x0000019b33d8fe60 nmethod 2711 0x0000019b202d1190 code [0x0000019b202d1320, 0x0000019b202d15c0]
Event: 4.734 Thread 0x0000019b33d8fe60 2714       3       java.util.ArrayList::<init> (65 bytes)
Event: 4.734 Thread 0x0000019b33d8fe60 nmethod 2714 0x0000019b202d1690 code [0x0000019b202d1880, 0x0000019b202d1eb8]
Event: 4.737 Thread 0x0000019b33d8eba0 2716   !   4       org.apache.maven.model.interpolation.StringSearchModelInterpolator$InterpolateObjectAction$MapField::doInterpolate (162 bytes)

GC Heap History (4 events):
Event: 1.180 GC heap before
{Heap before GC invocations=0 (full 0):
 garbage-first heap   total 129024K, used 13312K [0x0000000082800000, 0x0000000100000000)
  region size 1024K, 13 young (13312K), 0 survivors (0K)
 Metaspace       used 3948K, committed 4096K, reserved 1114112K
  class space    used 389K, committed 448K, reserved 1048576K
}
Event: 1.188 GC heap after
{Heap after GC invocations=1 (full 0):
 garbage-first heap   total 129024K, used 3478K [0x0000000082800000, 0x0000000100000000)
  region size 1024K, 2 young (2048K), 2 survivors (2048K)
 Metaspace       used 3948K, committed 4096K, reserved 1114112K
  class space    used 389K, committed 448K, reserved 1048576K
}
Event: 1.838 GC heap before
{Heap before GC invocations=1 (full 0):
 garbage-first heap   total 129024K, used 17814K [0x0000000082800000, 0x0000000100000000)
  region size 1024K, 16 young (16384K), 2 survivors (2048K)
 Metaspace       used 5931K, committed 6144K, reserved 1114112K
  class space    used 683K, committed 768K, reserved 1048576K
}
Event: 1.843 GC heap after
{Heap after GC invocations=2 (full 0):
 garbage-first heap   total 129024K, used 4246K [0x0000000082800000, 0x0000000100000000)
  region size 1024K, 1 young (1024K), 1 survivors (1024K)
 Metaspace       used 5931K, committed 6144K, reserved 1114112K
  class space    used 683K, committed 768K, reserved 1048576K
}

Dll operation events (9 events):
Event: 0.011 Loaded shared library C:\Program Files\Java\jdk-20\bin\java.dll
Event: 0.028 Loaded shared library C:\Program Files\Java\jdk-20\bin\jsvml.dll
Event: 0.098 Loaded shared library C:\Program Files\Java\jdk-20\bin\net.dll
Event: 0.102 Loaded shared library C:\Program Files\Java\jdk-20\bin\nio.dll
Event: 0.107 Loaded shared library C:\Program Files\Java\jdk-20\bin\zip.dll
Event: 0.114 Loaded shared library C:\Program Files\Java\jdk-20\bin\verify.dll
Event: 0.119 Loaded shared library C:\Program Files\Java\jdk-20\bin\jimage.dll
Event: 0.700 Loaded shared library C:\Users\HELEN\AppData\Local\Temp\jansi-1.17.1-16571119063413885356.dll
Event: 0.737 Loaded shared library C:\Users\HELEN\AppData\Local\Temp\jansi-1.17.1-11603283378237057418.dll

Deoptimization events (20 events):
Event: 4.675 Thread 0x0000019b17cdd630 DEOPT PACKING pc=0x0000019b2797baec sp=0x000000915fcfdef0
Event: 4.676 Thread 0x0000019b17cdd630 DEOPT UNPACKING pc=0x0000019b27339d1c sp=0x000000915fcfde48 mode 2
Event: 4.676 Thread 0x0000019b17cdd630 Uncommon trap: trap_request=0xffffff66 fr.pc=0x0000019b2797baec relative=0x000000000000006c
Event: 4.676 Thread 0x0000019b17cdd630 Uncommon trap: reason=speculate_class_check action=maybe_recompile pc=0x0000019b2797baec method=java.lang.invoke.DirectMethodHandle$Holder.getReference(Ljava/lang/Object;Ljava/lang/Object;)Ljava/lang/Object; @ 24 c2
Event: 4.676 Thread 0x0000019b17cdd630 DEOPT PACKING pc=0x0000019b2797baec sp=0x000000915fcfde40
Event: 4.676 Thread 0x0000019b17cdd630 DEOPT UNPACKING pc=0x0000019b27339d1c sp=0x000000915fcfdd98 mode 2
Event: 4.676 Thread 0x0000019b17cdd630 Uncommon trap: trap_request=0xffffff66 fr.pc=0x0000019b2797baec relative=0x000000000000006c
Event: 4.676 Thread 0x0000019b17cdd630 Uncommon trap: reason=speculate_class_check action=maybe_recompile pc=0x0000019b2797baec method=java.lang.invoke.DirectMethodHandle$Holder.getReference(Ljava/lang/Object;Ljava/lang/Object;)Ljava/lang/Object; @ 24 c2
Event: 4.676 Thread 0x0000019b17cdd630 DEOPT PACKING pc=0x0000019b2797baec sp=0x000000915fcfdef0
Event: 4.676 Thread 0x0000019b17cdd630 DEOPT UNPACKING pc=0x0000019b27339d1c sp=0x000000915fcfde48 mode 2
Event: 4.676 Thread 0x0000019b17cdd630 Uncommon trap: trap_request=0xffffff66 fr.pc=0x0000019b2797baec relative=0x000000000000006c
Event: 4.676 Thread 0x0000019b17cdd630 Uncommon trap: reason=speculate_class_check action=maybe_recompile pc=0x0000019b2797baec method=java.lang.invoke.DirectMethodHandle$Holder.getReference(Ljava/lang/Object;Ljava/lang/Object;)Ljava/lang/Object; @ 24 c2
Event: 4.676 Thread 0x0000019b17cdd630 DEOPT PACKING pc=0x0000019b2797baec sp=0x000000915fcfde40
Event: 4.676 Thread 0x0000019b17cdd630 DEOPT UNPACKING pc=0x0000019b27339d1c sp=0x000000915fcfdd98 mode 2
Event: 4.719 Thread 0x0000019b17cdd630 DEOPT PACKING pc=0x0000019b202c66c7 sp=0x000000915fcfdc80
Event: 4.719 Thread 0x0000019b17cdd630 DEOPT UNPACKING pc=0x0000019b2733a4a3 sp=0x000000915fcfd100 mode 0
Event: 4.725 Thread 0x0000019b17cdd630 Uncommon trap: trap_request=0xffffff45 fr.pc=0x0000019b2797656c relative=0x0000000000000a8c
Event: 4.725 Thread 0x0000019b17cdd630 Uncommon trap: reason=unstable_if action=reinterpret pc=0x0000019b2797656c method=org.codehaus.plexus.util.xml.pull.MXParser.nextImpl()I @ 310 c2
Event: 4.725 Thread 0x0000019b17cdd630 DEOPT PACKING pc=0x0000019b2797656c sp=0x000000915fcfdd60
Event: 4.725 Thread 0x0000019b17cdd630 DEOPT UNPACKING pc=0x0000019b27339d1c sp=0x000000915fcfdcd8 mode 2

Classes loaded (20 events):
Event: 3.615 Loading class sun/nio/ch/FileLockImpl
Event: 3.615 Loading class java/nio/channels/FileLock
Event: 3.615 Loading class java/nio/channels/FileLock done
Event: 3.615 Loading class sun/nio/ch/FileLockImpl done
Event: 3.615 Loading class sun/nio/ch/NativeThread
Event: 3.615 Loading class sun/nio/ch/NativeThread done
Event: 3.615 Loading class sun/nio/ch/FileLockTable
Event: 3.616 Loading class sun/nio/ch/FileLockTable done
Event: 3.616 Loading class sun/nio/ch/FileKey
Event: 3.616 Loading class sun/nio/ch/FileKey done
Event: 3.616 Loading class sun/nio/ch/FileLockTable$FileLockReference
Event: 3.616 Loading class sun/nio/ch/FileLockTable$FileLockReference done
Event: 3.617 Loading class java/nio/channels/spi/AbstractInterruptibleChannel$1
Event: 3.617 Loading class sun/nio/ch/Interruptible
Event: 3.617 Loading class sun/nio/ch/Interruptible done
Event: 3.617 Loading class java/nio/channels/spi/AbstractInterruptibleChannel$1 done
Event: 4.044 Loading class java/util/ArrayList$ListItr
Event: 4.045 Loading class java/util/ArrayList$ListItr done
Event: 4.054 Loading class java/util/StringTokenizer
Event: 4.054 Loading class java/util/StringTokenizer done

Classes unloaded (0 events):
No events

Classes redefined (0 events):
No events

Internal exceptions (20 events):
Event: 0.415 Thread 0x0000019b17cdd630 Exception <a 'java/lang/NoSuchMethodError'{0x000000008a046b80}: 'java.lang.Object java.lang.invoke.DirectMethodHandle$Holder.invokeStaticInit(java.lang.Object, int, int, int, int)'> (0x000000008a046b80) 
thrown [s\open\src\hotspot\share\interpreter\linkResolver.cpp, line 773]
Event: 0.647 Thread 0x0000019b17cdd630 Exception <a 'java/lang/NoSuchMethodError'{0x000000008a0d1080}: 'java.lang.Object java.lang.invoke.DirectMethodHandle$Holder.invokeStaticInit(java.lang.Object, java.lang.Object, int, int, int, int)'> (0x000000008a0d1080) 
thrown [s\open\src\hotspot\share\interpreter\linkResolver.cpp, line 773]
Event: 1.395 Thread 0x0000019b17cdd630 Exception <a 'java/lang/NoSuchMethodError'{0x000000008a2c7200}: 'java.lang.Object java.lang.invoke.DirectMethodHandle$Holder.newInvokeSpecial(java.lang.Object, java.lang.Object, java.lang.Object, java.lang.Object, java.lang.Object)'> (0x000000008a2c7200) 
thrown [s\open\src\hotspot\share\interpreter\linkResolver.cpp, line 773]
Event: 3.037 Thread 0x0000019b17cdd630 Exception <a 'java/lang/NoSuchMethodError'{0x0000000088b1eb60}: 'void java.lang.invoke.Invokers$Holder.invokeExact_MT(java.lang.Object, java.lang.Object, java.lang.Object, java.lang.Object)'> (0x0000000088b1eb60) 
thrown [s\open\src\hotspot\share\interpreter\linkResolver.cpp, line 773]
Event: 3.074 Thread 0x0000019b17cdd630 Exception <a 'java/lang/NoClassDefFoundError'{0x0000000088bb3a28}: com/google/inject/servlet/ServletModuleTargetVisitor> (0x0000000088bb3a28) 
thrown [s\open\src\hotspot\share\classfile\systemDictionary.cpp, line 294]
Event: 3.075 Thread 0x0000019b17cdd630 Exception <a 'java/lang/NoClassDefFoundError'{0x0000000088bb5f58}: javax/annotation/Priority> (0x0000000088bb5f58) 
thrown [s\open\src\hotspot\share\classfile\systemDictionary.cpp, line 294]
Event: 3.095 Thread 0x0000019b17cdd630 Exception <a 'java/lang/NoSuchMethodError'{0x0000000088a03dd0}: 'java.lang.Object java.lang.invoke.DirectMethodHandle$Holder.invokeVirtual(java.lang.Object, java.lang.Object, java.lang.Object)'> (0x0000000088a03dd0) 
thrown [s\open\src\hotspot\share\interpreter\linkResolver.cpp, line 773]
Event: 3.159 Thread 0x0000019b17cdd630 Exception <a 'java/lang/NoSuchMethodError'{0x0000000088abc8d0}: 'java.lang.Object java.lang.invoke.DirectMethodHandle$Holder.invokeStatic(java.lang.Object, java.lang.Object, int)'> (0x0000000088abc8d0) 
thrown [s\open\src\hotspot\share\interpreter\linkResolver.cpp, line 773]
Event: 3.160 Thread 0x0000019b17cdd630 Exception <a 'java/lang/NoSuchMethodError'{0x0000000088ac17d0}: 'void java.lang.invoke.DirectMethodHandle$Holder.invokeStatic(java.lang.Object, java.lang.Object, int, java.lang.Object)'> (0x0000000088ac17d0) 
thrown [s\open\src\hotspot\share\interpreter\linkResolver.cpp, line 773]
Event: 3.161 Thread 0x0000019b17cdd630 Exception <a 'java/lang/NoSuchMethodError'{0x0000000088ac91f0}: 'void java.lang.invoke.DelegatingMethodHandle$Holder.delegate(java.lang.Object, java.lang.Object, int, java.lang.Object)'> (0x0000000088ac91f0) 
thrown [s\open\src\hotspot\share\interpreter\linkResolver.cpp, line 773]
Event: 3.162 Thread 0x0000019b17cdd630 Exception <a 'java/lang/NoSuchMethodError'{0x0000000088acda60}: 'int java.lang.invoke.DirectMethodHandle$Holder.invokeSpecial(java.lang.Object, java.lang.Object, java.lang.Object)'> (0x0000000088acda60) 
thrown [s\open\src\hotspot\share\interpreter\linkResolver.cpp, line 773]
Event: 3.200 Thread 0x0000019b17cdd630 Exception <a 'java/lang/NoSuchMethodError'{0x00000000889541e8}: 'java.lang.Object java.lang.invoke.DirectMethodHandle$Holder.newInvokeSpecial(java.lang.Object, java.lang.Object, java.lang.Object, java.lang.Object, java.lang.Object, java.lang.Object, java.lang.Object)'> (0x00000000889541e8) 
thrown [s\open\src\hotspot\share\interpreter\linkResolver.cpp, line 773]
Event: 3.214 Thread 0x0000019b17cdd630 Exception <a 'java/lang/NoSuchMethodError'{0x000000008898c5b0}: 'java.lang.Object java.lang.invoke.DirectMethodHandle$Holder.newInvokeSpecial(java.lang.Object, java.lang.Object, java.lang.Object, java.lang.Object, java.lang.Object, java.lang.Object, java.lang.Object, java.lang.Object, java.lang.Object)'> (0x000000008898c5b0) 
thrown [s\open\src\hotspot\share\interpreter\linkResolver.cpp, line 773]
Event: 3.243 Thread 0x0000019b17cdd630 Exception <a 'java/lang/NoSuchMethodError'{0x0000000088833c08}: 'java.lang.Object java.lang.invoke.DirectMethodHandle$Holder.newInvokeSpecial(java.lang.Object, java.lang.Object, java.lang.Object, java.lang.Object, java.lang.Object, java.lang.Object, java.lang.Object, java.lang.Object, java.lang.Object, java.lang.Object, java.lang.Object, java.lang.Object)'> (0x0000000088833c08) 
thrown [s\open\src\hotspot\share\interpreter\linkResolver.cpp, line 773]
Event: 3.252 Thread 0x0000019b17cdd630 Exception <a 'java/lang/NoSuchMethodError'{0x0000000088879118}: 'java.lang.Object java.lang.invoke.DirectMethodHandle$Holder.invokeStatic(java.lang.Object, java.lang.Object, java.lang.Object, java.lang.Object, java.lang.Object, java.lang.Object, java.lang.Object, java.lang.Object, java.lang.Object, java.lang.Object, java.lang.Object, java.lang.Object, java.lang.Object)'> (0x0000000088879118) 
thrown [s\open\src\hotspot\share\interpreter\linkResolver.cpp, line 773]
Event: 3.255 Thread 0x0000019b17cdd630 Exception <a 'java/lang/NoSuchMethodError'{0x0000000088897e90}: 'java.lang.Object java.lang.invoke.DirectMethodHandle$Holder.invokeStatic(java.lang.Object, java.lang.Object, java.lang.Object, java.lang.Object, java.lang.Object, java.lang.Object, java.lang.Object, java.lang.Object, java.lang.Object, java.lang.Object, java.lang.Object, java.lang.Object, java.lang.Object, java.lang.Object)'> (0x0000000088897e90) 
thrown [s\open\src\hotspot\share\interpreter\linkResolver.cpp, line 773]
Event: 3.260 Thread 0x0000019b17cdd630 Exception <a 'java/lang/NoSuchMethodError'{0x00000000888b8e08}: 'java.lang.Object java.lang.invoke.DirectMethodHandle$Holder.invokeStatic(java.lang.Object, java.lang.Object, java.lang.Object, java.lang.Object, java.lang.Object, java.lang.Object, java.lang.Object, java.lang.Object, java.lang.Object, java.lang.Object, java.lang.Object, java.lang.Object, java.lang.Object, java.lang.Object, java.lang.Object)'> (0x00000000888b8e08) 
thrown [s\open\src\hotspot\share\interpreter\linkResolver.cpp, line 773]
Event: 3.561 Thread 0x0000019b17cdd630 Implicit null exception at 0x0000019b278991e0 to 0x0000019b27899624
Event: 3.561 Thread 0x0000019b17cdd630 Implicit null exception at 0x0000019b278b7a60 to 0x0000019b278b7e9c
Event: 3.624 Thread 0x0000019b17cdd630 Implicit null exception at 0x0000019b279167ac to 0x0000019b27916968

VM Operations (20 events):
Event: 2.371 Executing VM operation: HandshakeAllThreads
Event: 2.371 Executing VM operation: HandshakeAllThreads done
Event: 2.908 Executing VM operation: HandshakeAllThreads
Event: 2.908 Executing VM operation: HandshakeAllThreads done
Event: 2.908 Executing VM operation: Cleanup
Event: 2.909 Executing VM operation: Cleanup done
Event: 2.911 Executing VM operation: HandshakeAllThreads
Event: 2.911 Executing VM operation: HandshakeAllThreads done
Event: 3.027 Executing VM operation: HandshakeAllThreads
Event: 3.027 Executing VM operation: HandshakeAllThreads done
Event: 3.159 Executing VM operation: HandshakeAllThreads
Event: 3.159 Executing VM operation: HandshakeAllThreads done
Event: 3.299 Executing VM operation: HandshakeAllThreads
Event: 3.299 Executing VM operation: HandshakeAllThreads done
Event: 3.311 Executing VM operation: ICBufferFull
Event: 3.311 Executing VM operation: ICBufferFull done
Event: 4.045 Executing VM operation: HandshakeAllThreads
Event: 4.045 Executing VM operation: HandshakeAllThreads done
Event: 4.440 Executing VM operation: ICBufferFull
Event: 4.440 Executing VM operation: ICBufferFull done

Events (16 events):
Event: 0.028 Thread 0x0000019b17cdd630 Thread added: 0x0000019b17cdd630
Event: 0.051 Thread 0x0000019b33d7ffe0 Thread added: 0x0000019b33d7ffe0
Event: 0.051 Thread 0x0000019b33d80f80 Thread added: 0x0000019b33d80f80
Event: 0.052 Thread 0x0000019b33d830e0 Thread added: 0x0000019b33d830e0
Event: 0.052 Thread 0x0000019b33d86a40 Thread added: 0x0000019b33d86a40
Event: 0.053 Thread 0x0000019b33d87e60 Thread added: 0x0000019b33d87e60
Event: 0.053 Thread 0x0000019b33d8a0f0 Thread added: 0x0000019b33d8a0f0
Event: 0.053 Thread 0x0000019b33d8eba0 Thread added: 0x0000019b33d8eba0
Event: 0.053 Thread 0x0000019b33d8fe60 Thread added: 0x0000019b33d8fe60
Event: 0.085 Thread 0x0000019b380cf120 Thread added: 0x0000019b380cf120
Event: 0.090 Thread 0x0000019b380fa700 Thread added: 0x0000019b380fa700
Event: 1.542 Thread 0x0000019b38f6af30 Thread added: 0x0000019b38f6af30
Event: 2.372 Thread 0x0000019b38f6af30 Thread exited: 0x0000019b38f6af30
Event: 3.262 Thread 0x0000019b38fb2430 Thread added: 0x0000019b38fb2430
Event: 3.442 Thread 0x0000019b38fb2430 Thread exited: 0x0000019b38fb2430
Event: 3.638 Thread 0x0000019b396d1370 Thread added: 0x0000019b396d1370


Dynamic libraries:
0x00007ff6324c0000 - 0x00007ff6324d0000 	C:\Program Files\Java\jdk-20\bin\java.exe
0x00007ffaff290000 - 0x00007ffaff488000 	C:\WINDOWS\SYSTEM32\ntdll.dll
0x00007ffafe360000 - 0x00007ffafe41f000 	C:\WINDOWS\System32\KERNEL32.DLL
0x00007ffafce80000 - 0x00007ffafd176000 	C:\WINDOWS\System32\KERNELBASE.dll
0x00007ffafcad0000 - 0x00007ffafcbd0000 	C:\WINDOWS\System32\ucrtbase.dll
0x00007ffaf5e80000 - 0x00007ffaf5e9b000 	C:\Program Files\Java\jdk-20\bin\VCRUNTIME140.dll
0x00007ffaf5d30000 - 0x00007ffaf5d49000 	C:\Program Files\Java\jdk-20\bin\jli.dll
0x00007ffaff1a0000 - 0x00007ffaff24f000 	C:\WINDOWS\System32\ADVAPI32.dll
0x00007ffafd810000 - 0x00007ffafd8ae000 	C:\WINDOWS\System32\msvcrt.dll
0x00007ffafd680000 - 0x00007ffafd71c000 	C:\WINDOWS\System32\sechost.dll
0x00007ffafd2f0000 - 0x00007ffafd416000 	C:\WINDOWS\System32\RPCRT4.dll
0x00007ffafe420000 - 0x00007ffafe5bd000 	C:\WINDOWS\System32\USER32.dll
0x00007ffafce50000 - 0x00007ffafce72000 	C:\WINDOWS\System32\win32u.dll
0x00007ffaec100000 - 0x00007ffaec39a000 	C:\WINDOWS\WinSxS\amd64_microsoft.windows.common-controls_6595b64144ccf1df_6.0.19041.1110_none_60b5254171f9507e\COMCTL32.dll
0x00007ffaff060000 - 0x00007ffaff08c000 	C:\WINDOWS\System32\GDI32.dll
0x00007ffafd180000 - 0x00007ffafd295000 	C:\WINDOWS\System32\gdi32full.dll
0x00007ffafcbd0000 - 0x00007ffafcc6d000 	C:\WINDOWS\System32\msvcp_win.dll
0x00007ffaf66e0000 - 0x00007ffaf66ea000 	C:\WINDOWS\SYSTEM32\VERSION.dll
0x00007ffafd4b0000 - 0x00007ffafd4e0000 	C:\WINDOWS\System32\IMM32.DLL
0x00007ffaf6e70000 - 0x00007ffaf6e7c000 	C:\Program Files\Java\jdk-20\bin\vcruntime140_1.dll
0x00007ffaed430000 - 0x00007ffaed4be000 	C:\Program Files\Java\jdk-20\bin\msvcp140.dll
0x00007ffa922f0000 - 0x00007ffa92f87000 	C:\Program Files\Java\jdk-20\bin\server\jvm.dll
0x00007ffaede20000 - 0x00007ffaede47000 	C:\WINDOWS\SYSTEM32\WINMM.dll
0x00007ffaec070000 - 0x00007ffaec079000 	C:\WINDOWS\SYSTEM32\WSOCK32.dll
0x00007ffafe5e0000 - 0x00007ffafe64b000 	C:\WINDOWS\System32\WS2_32.dll
0x00007ffafa820000 - 0x00007ffafa832000 	C:\WINDOWS\SYSTEM32\kernel.appcore.dll
0x00007ffaf6010000 - 0x00007ffaf601a000 	C:\Program Files\Java\jdk-20\bin\jimage.dll
0x00007ffaf2a10000 - 0x00007ffaf2bf4000 	C:\WINDOWS\SYSTEM32\DBGHELP.DLL
0x00007ffaebe90000 - 0x00007ffaebec4000 	C:\WINDOWS\SYSTEM32\dbgcore.DLL
0x00007ffafcd10000 - 0x00007ffafcd92000 	C:\WINDOWS\System32\bcryptPrimitives.dll
0x00007ffaed400000 - 0x00007ffaed426000 	C:\Program Files\Java\jdk-20\bin\java.dll
0x00007ffacb740000 - 0x00007ffacb817000 	C:\Program Files\Java\jdk-20\bin\jsvml.dll
0x00007ffafdc10000 - 0x00007ffafe354000 	C:\WINDOWS\System32\SHELL32.dll
0x00007ffafaa20000 - 0x00007ffafb1b3000 	C:\WINDOWS\SYSTEM32\windows.storage.dll
0x00007ffafd8b0000 - 0x00007ffafdc04000 	C:\WINDOWS\System32\combase.dll
0x00007ffafc350000 - 0x00007ffafc37e000 	C:\WINDOWS\SYSTEM32\Wldp.dll
0x00007ffaff0f0000 - 0x00007ffaff19d000 	C:\WINDOWS\System32\SHCORE.dll
0x00007ffafed20000 - 0x00007ffafed75000 	C:\WINDOWS\System32\shlwapi.dll
0x00007ffafc8b0000 - 0x00007ffafc8cf000 	C:\WINDOWS\SYSTEM32\profapi.dll
0x00007ffaed3e0000 - 0x00007ffaed3f3000 	C:\Program Files\Java\jdk-20\bin\net.dll
0x00007ffaf1950000 - 0x00007ffaf1a5a000 	C:\WINDOWS\SYSTEM32\WINHTTP.dll
0x00007ffafc040000 - 0x00007ffafc0aa000 	C:\WINDOWS\system32\mswsock.dll
0x00007ffaed350000 - 0x00007ffaed366000 	C:\Program Files\Java\jdk-20\bin\nio.dll
0x00007ffaed330000 - 0x00007ffaed348000 	C:\Program Files\Java\jdk-20\bin\zip.dll
0x00007ffaf5e70000 - 0x00007ffaf5e80000 	C:\Program Files\Java\jdk-20\bin\verify.dll
0x00007ffafc230000 - 0x00007ffafc248000 	C:\WINDOWS\SYSTEM32\CRYPTSP.dll
0x00007ffafb960000 - 0x00007ffafb994000 	C:\WINDOWS\system32\rsaenh.dll
0x00007ffafcc70000 - 0x00007ffafcc97000 	C:\WINDOWS\System32\bcrypt.dll
0x00007ffafc870000 - 0x00007ffafc89e000 	C:\WINDOWS\SYSTEM32\USERENV.dll
0x00007ffafc250000 - 0x00007ffafc25c000 	C:\WINDOWS\SYSTEM32\CRYPTBASE.dll
0x00007ffafbd30000 - 0x00007ffafbd6c000 	C:\WINDOWS\SYSTEM32\IPHLPAPI.DLL
0x00007ffafe5c0000 - 0x00007ffafe5c8000 	C:\WINDOWS\System32\NSI.dll
0x00007ffaf28b0000 - 0x00007ffaf28c7000 	C:\WINDOWS\SYSTEM32\dhcpcsvc6.DLL
0x00007ffaf3ec0000 - 0x00007ffaf3edd000 	C:\WINDOWS\SYSTEM32\dhcpcsvc.DLL
0x00007ffafbd70000 - 0x00007ffafbe3a000 	C:\WINDOWS\SYSTEM32\DNSAPI.dll
0x00007ffaf5db0000 - 0x00007ffaf5dba000 	C:\Users\HELEN\AppData\Local\Temp\jansi-1.17.1-16571119063413885356.dll
0x00007ffaed320000 - 0x00007ffaed32a000 	C:\Users\HELEN\AppData\Local\Temp\jansi-1.17.1-11603283378237057418.dll

dbghelp: loaded successfully - version: 4.0.5 - missing functions: none
symbol engine: initialized successfully - sym options: 0x614 - pdb path: .;C:\Program Files\Java\jdk-20\bin;C:\WINDOWS\SYSTEM32;C:\WINDOWS\WinSxS\amd64_microsoft.windows.common-controls_6595b64144ccf1df_6.0.19041.1110_none_60b5254171f9507e;C:\Program Files\Java\jdk-20\bin\server;C:\Users\HELEN\AppData\Local\Temp

VM Arguments:
jvm_args: -Dmaven.home=C:/Users/HELEN/Documents/spring_boot -Dmaven.multiModuleProjectDirectory=C:/Users/HELEN/Documents/spring_boot/quest-spring-injection 
java_command: org.apache.maven.wrapper.MavenWrapperMain spring-boot:run
java_class_path (initial): C:/Users/HELEN/Documents/spring_boot/quest-spring-injection/.mvn/wrapper/maven-wrapper.jar
Launcher Type: SUN_STANDARD

[Global flags]
     intx CICompilerCount                          = 3                                         {product} {ergonomic}
     uint ConcGCThreads                            = 1                                         {product} {ergonomic}
     uint G1ConcRefinementThreads                  = 4                                         {product} {ergonomic}
   size_t G1HeapRegionSize                         = 1048576                                   {product} {ergonomic}
    uintx GCDrainStackTargetSize                   = 64                                        {product} {ergonomic}
   size_t InitialHeapSize                          = 132120576                                 {product} {ergonomic}
   size_t MarkStackSize                            = 4194304                                   {product} {ergonomic}
   size_t MaxHeapSize                              = 2105540608                                {product} {ergonomic}
   size_t MaxNewSize                               = 1262485504                                {product} {ergonomic}
   size_t MinHeapDeltaBytes                        = 1048576                                   {product} {ergonomic}
   size_t MinHeapSize                              = 8388608                                   {product} {ergonomic}
    uintx NonNMethodCodeHeapSize                   = 5832780                                {pd product} {ergonomic}
    uintx NonProfiledCodeHeapSize                  = 122912730                              {pd product} {ergonomic}
     bool PerfDisableSharedMem                     = true                                      {product} {ergonomic}
    uintx ProfiledCodeHeapSize                     = 122912730                              {pd product} {ergonomic}
    uintx ReservedCodeCacheSize                    = 251658240                              {pd product} {ergonomic}
     bool SegmentedCodeCache                       = true                                      {product} {ergonomic}
   size_t SoftMaxHeapSize                          = 2105540608                             {manageable} {ergonomic}
     bool UseCompressedClassPointers               = true                           {product lp64_product} {ergonomic}
     bool UseCompressedOops                        = true                           {product lp64_product} {ergonomic}
     bool UseG1GC                                  = true                                      {product} {ergonomic}
     bool UseLargePagesIndividualAllocation        = false                                  {pd product} {ergonomic}

Logging:
Log output configuration:
 #0: stdout all=warning uptime,level,tags foldmultilines=false
 #1: stderr all=off uptime,level,tags foldmultilines=false

Environment Variables:
JAVA_HOME=C:/Program Files/Java/jdk-20
PATH=C:\Program Files\Git\mingw64\bin;C:\Program Files\Git\usr\bin;C:\Users\HELEN\bin;C:\Program Files\Common Files\Oracle\Java\javapath;C:\Program Files (x86)\Common Files\Oracle\Java\javapath;C:\Program Files (x86)\Intel\TXE Components\iCLS;C:\Program Files\Intel\TXE Components\iCLS;C:\WINDOWS\system32;C:\WINDOWS;C:\WINDOWS\System32\Wbem;C:\WINDOWS\System32\WindowsPowerShell\v1.0;C:\WINDOWS\System32\OpenSSH;C:\Program Files\Intel\TXE Components\DAL;C:\Program Files (x86)\Intel\TXE Components\DAL;C:\Program Files\Intel\TXE Components\IPT;C:\Program Files (x86)\Intel\TXE Components\IPT;C:\Program Files\Git\cmd;C:\Users\HELEN\AppData\Roaming\nvm;C:\Program Files\nodejs;C:\Program Files\nodejs;C:\Program Files\dotnet;C:\Program Files\Microsoft SQL Server\150\Tools\Binn;C:\Program Files\Microsoft SQL Server\Client SDK\ODBC\170\Tools\Binn;C:\Program Files\MySQL\MySQL Shell 8.0\bin;C:\Users\HELEN\AppData\Local\Microsoft\WindowsApps;C:\Users\HELEN\AppData\Local\Programs\Microsoft VS Code\bin;C:\Users\HELEN\AppData\Local\GitHubDesktop\bin;C:\Users\HELEN\AppData\Roaming\nvm;C:\Program Files\nodejs;C:\Users\HELEN\AppData\Roaming\npm;C:\Users\HELEN\.dotnet\tools;C:\Users\HELEN\AppData\Local\JetBrains\Toolbox\scripts
USERNAME=HELEN
TERM=xterm-256color
OS=Windows_NT
PROCESSOR_IDENTIFIER=Intel64 Family 6 Model 122 Stepping 8, GenuineIntel
TMP=C:\Users\HELEN\AppData\Local\Temp
TEMP=C:\Users\HELEN\AppData\Local\Temp




---------------  S Y S T E M  ---------------

OS:
 Windows 10 , 64 bit Build 19041 (10.0.19041.3031)
OS uptime: 0 days 14:02 hours

CPU: total 4 (initial active 4) (4 cores per cpu, 1 threads per core) family 6 model 122 stepping 8 microcode 0xc, cx8, cmov, fxsr, mmx, 3dnowpref, sse, sse2, sse3, ssse3, sse4.1, sse4.2, popcnt, tsc, tscinvbit, aes, erms, clmul, sha, clflush, clflushopt, rdtscp, rdpid

Memory: 4k page, system-wide physical 8027M (1964M free)
TotalPageFile size 17432M (AvailPageFile size 3459M)
current process WorkingSet (physical memory assigned to process): 125M, peak: 125M
current process commit charge ("private bytes"): 234M, peak: 235M

vm_info: Java HotSpot(TM) 64-Bit Server VM (20.0.1+9-29) for windows-amd64 JRE (20.0.1+9-29), built on 2023-03-07T13:56:11Z by "mach5one" with MS VC++ 17.1 (VS2022)

END.
